<?xml version="1.0" encoding="UTF-8"?>
<!-- Generated by org.testng.reporters.JUnitReportReporter -->
<testsuite hostname="DESKTOP-QHOC536" failures="0" tests="1" name="home.assignment.testcases.WantToHearMoreTest" time="5.547" errors="0" timestamp="2020-07-08T10:41:00 IDT" skipped="0">
  <testcase classname="home.assignment.testcases.WantToHearMoreTest" name="hearMoreApp" time="5.547"/>
  <system-out/>
</testsuite> <!-- home.assignment.testcases.WantToHearMoreTest -->
