<?xml version="1.0" encoding="UTF-8"?>
<!-- Generated by org.testng.reporters.JUnitReportReporter -->
<testsuite hostname="DESKTOP-QHOC536" failures="0" tests="1" name="home.assignment.testcases.SocialMediaBarTest" time="17.020" errors="0" timestamp="2020-07-08T19:28:23 IDT" skipped="0">
  <testcase classname="home.assignment.testcases.SocialMediaBarTest" name="SocialMediaBarApp" time="17.020"/>
  <system-out/>
</testsuite> <!-- home.assignment.testcases.SocialMediaBarTest -->
