<?xml version="1.0" encoding="UTF-8"?>
<!-- Generated by org.testng.reporters.JUnitReportReporter -->
<testsuite hostname="DESKTOP-QHOC536" failures="0" tests="1" name="home.assignment.testcases.ContactUsFooterTest" time="5.479" errors="0" timestamp="2020-07-08T19:26:42 IDT" skipped="0">
  <testcase classname="home.assignment.testcases.ContactUsFooterTest" name="hearMoreApp" time="5.479"/>
  <system-out/>
</testsuite> <!-- home.assignment.testcases.ContactUsFooterTest -->
