<?xml version="1.0" encoding="UTF-8"?>
<!-- Generated by org.testng.reporters.JUnitReportReporter -->
<testsuite hostname="DESKTOP-QHOC536" failures="0" tests="1" name="home.assignment.testcases.ContactUsTest" time="4.553" errors="0" timestamp="2020-07-08T19:27:07 IDT" skipped="0">
  <testcase classname="home.assignment.testcases.ContactUsTest" name="getHelpApp" time="4.553"/>
  <system-out/>
</testsuite> <!-- home.assignment.testcases.ContactUsTest -->
