<?xml version="1.0" encoding="UTF-8"?>
<!-- Generated by org.testng.reporters.JUnitReportReporter -->
<testsuite hostname="DESKTOP-QHOC536" failures="0" tests="1" name="home.assignment.testcases.SocailMediaBarTest" time="4.711" errors="0" timestamp="2020-07-08T17:38:10 IDT" skipped="0">
  <testcase classname="home.assignment.testcases.SocailMediaBarTest" name="hearMoreApp" time="4.711"/>
  <system-out/>
</testsuite> <!-- home.assignment.testcases.SocailMediaBarTest -->
