<?xml version="1.0" encoding="UTF-8"?>
<!-- Generated by org.testng.reporters.JUnitReportReporter -->
<testsuite hostname="DESKTOP-QHOC536" failures="0" tests="1" name="home.assignment.testcases.HowCanWeHelpTest" time="4.713" errors="0" timestamp="2020-07-07T15:25:56 IDT" skipped="0">
  <testcase classname="home.assignment.testcases.HowCanWeHelpTest" name="getHelpApp" time="4.713"/>
  <system-out/>
</testsuite> <!-- home.assignment.testcases.HowCanWeHelpTest -->
